#
# There is insufficient memory for the Java Runtime Environment to continue.
# Native memory allocation (malloc) failed to allocate 1065296 bytes. Error detail: Chunk::new
# Possible reasons:
#   The system is out of physical RAM or swap space
#   This process is running with CompressedOops enabled, and the Java Heap may be blocking the growth of the native heap
# Possible solutions:
#   Reduce memory load on the system
#   Increase physical memory or swap space
#   Check if swap backing store is full
#   Decrease Java heap size (-Xmx/-Xms)
#   Decrease number of Java threads
#   Decrease Java thread stack sizes (-Xss)
#   Set larger code cache with -XX:ReservedCodeCacheSize=
#   JVM is running with Unscaled Compressed Oops mode in which the Java heap is
#     placed in the first 4GB address space. The Java Heap base address is the
#     maximum limit for the native heap growth. Please use -XX:HeapBaseMinAddress
#     to set the Java Heap base and to place the Java Heap above 4GB virtual address.
# This output file may be truncated or incomplete.
#
#  Out of Memory Error (arena.cpp:168), pid=14388, tid=14732
#
# JRE version: OpenJDK Runtime Environment Temurin-21.0.8+9 (21.0.8+9) (build 21.0.8+9-LTS)
# Java VM: OpenJDK 64-Bit Server VM Temurin-21.0.8+9 (21.0.8+9-LTS, mixed mode, sharing, tiered, compressed oops, compressed class ptrs, parallel gc, windows-amd64)
# No core dump will be written. Minidumps are not enabled by default on client versions of Windows
#

---------------  S U M M A R Y ------------

Command Line: --add-modules=ALL-SYSTEM --add-opens=java.base/java.util=ALL-UNNAMED --add-opens=java.base/java.lang=ALL-UNNAMED --add-opens=java.base/sun.nio.fs=ALL-UNNAMED -Declipse.application=org.eclipse.jdt.ls.core.id1 -Dosgi.bundles.defaultStartLevel=4 -Declipse.product=org.eclipse.jdt.ls.core.product -Djava.import.generatesMetadataFilesAtProjectRoot=false -DDetectVMInstallationsJob.disabled=true -Dfile.encoding=utf8 -XX:+UseParallelGC -XX:GCTimeRatio=4 -XX:AdaptiveSizePolicyWeight=90 -Dsun.zip.disableMemoryMapping=true -Xmx2G -Xms100m -Xlog:disable -javaagent:c:\Users\vdars\.vscode\extensions\redhat.java-1.47.0-win32-x64\lombok\lombok-1.18.39-4050.jar -XX:+HeapDumpOnOutOfMemoryError -XX:HeapDumpPath=c:\Users\vdars\AppData\Roaming\Code\User\workspaceStorage\035d6fbb2bf1c321d0f0f191607646d5\redhat.java -Daether.dependencyCollector.impl=bf c:\Users\vdars\.vscode\extensions\redhat.java-1.47.0-win32-x64\server\plugins\org.eclipse.equinox.launcher_1.7.100.v20251014-1222.jar -configuration c:\Users\vdars\AppData\Roaming\Code\User\globalStorage\redhat.java\1.47.0\config_win -data c:\Users\vdars\AppData\Roaming\Code\User\workspaceStorage\035d6fbb2bf1c321d0f0f191607646d5\redhat.java\jdt_ws --pipe=\\.\pipe\lsp-256efb719158d3a3ea5a1e459f71c94c-sock

Host: Intel(R) Core(TM) i3-1005G1 CPU @ 1.20GHz, 4 cores, 3G,  Windows 10 , 64 bit Build 19041 (10.0.19041.5915)
Time: Tue Nov 11 18:43:30 2025 India Standard Time elapsed time: 4027.097905 seconds (0d 1h 7m 7s)

---------------  T H R E A D  ---------------

Current thread (0x0000021796279ed0):  JavaThread "C2 CompilerThread0" daemon [_thread_in_native, id=14732, stack(0x000000c191b00000,0x000000c191c00000) (1024K)]


Current CompileTask:
C2:4027098 18601       4       org.eclipse.jdt.internal.compiler.lookup.BinaryTypeBinding::createMethod (1666 bytes)

Stack: [0x000000c191b00000,0x000000c191c00000]
Native frames: (J=compiled Java code, j=interpreted, Vv=VM code, C=native code)
V  [jvm.dll+0x6d2449]
V  [jvm.dll+0x8ae341]
V  [jvm.dll+0x8b08be]
V  [jvm.dll+0x8b0fa3]
V  [jvm.dll+0x280c96]
V  [jvm.dll+0xc581d]
V  [jvm.dll+0xc5d53]
V  [jvm.dll+0x3b9162]
V  [jvm.dll+0x1e108a]
V  [jvm.dll+0x249022]
V  [jvm.dll+0x2484af]
V  [jvm.dll+0x1c89ee]
V  [jvm.dll+0x257d4d]
V  [jvm.dll+0x2562ea]
V  [jvm.dll+0x3f2d16]
V  [jvm.dll+0x857e6b]
V  [jvm.dll+0x6d0b0d]
C  [ucrtbase.dll+0x21bb2]
C  [KERNEL32.DLL+0x17374]
C  [ntdll.dll+0x4cc91]


---------------  P R O C E S S  ---------------

Threads class SMR info:
_java_thread_list=0x00000217dd436790, length=39, elements={
0x00000217fe1ff4a0, 0x00000217962672c0, 0x0000021796269bd0, 0x000002179626c840,
0x000002179626d750, 0x0000021796274250, 0x00000217962766a0, 0x0000021796279ed0,
0x0000021796297bd0, 0x00000217fe26a820, 0x00000217dc2dc9b0, 0x00000217dca3ded0,
0x00000217dca6a800, 0x00000217dc6198b0, 0x00000217dc336a90, 0x00000217dc14cdc0,
0x00000217dc507cc0, 0x00000217dd128f10, 0x00000217dd12afe0, 0x00000217dd12a950,
0x00000217dcf9eb30, 0x00000217dcf9de10, 0x00000217dcf9fee0, 0x00000217dcf9f1c0,
0x00000217dcfa1290, 0x00000217dcf9b020, 0x00000217dcf9d780, 0x00000217dcfa1920,
0x00000217dd76afb0, 0x00000217dd76d080, 0x00000217dd770b90, 0x00000217dd771220,
0x00000217dd7718b0, 0x00000217dd76a920, 0x00000217dd76a290, 0x00000217dd76b640,
0x00000217dd76bcd0, 0x00000217dd76dda0, 0x00000217dd76fe70
}

Java Threads: ( => current thread )
  0x00000217fe1ff4a0 JavaThread "main"                              [_thread_blocked, id=19936, stack(0x000000c191100000,0x000000c191200000) (1024K)]
  0x00000217962672c0 JavaThread "Reference Handler"          daemon [_thread_blocked, id=16472, stack(0x000000c191500000,0x000000c191600000) (1024K)]
  0x0000021796269bd0 JavaThread "Finalizer"                  daemon [_thread_blocked, id=13460, stack(0x000000c191600000,0x000000c191700000) (1024K)]
  0x000002179626c840 JavaThread "Signal Dispatcher"          daemon [_thread_blocked, id=10484, stack(0x000000c191700000,0x000000c191800000) (1024K)]
  0x000002179626d750 JavaThread "Attach Listener"            daemon [_thread_blocked, id=3576, stack(0x000000c191800000,0x000000c191900000) (1024K)]
  0x0000021796274250 JavaThread "Service Thread"             daemon [_thread_blocked, id=5136, stack(0x000000c191900000,0x000000c191a00000) (1024K)]
  0x00000217962766a0 JavaThread "Monitor Deflation Thread"   daemon [_thread_blocked, id=3388, stack(0x000000c191a00000,0x000000c191b00000) (1024K)]
=>0x0000021796279ed0 JavaThread "C2 CompilerThread0"         daemon [_thread_in_native, id=14732, stack(0x000000c191b00000,0x000000c191c00000) (1024K)]
  0x0000021796297bd0 JavaThread "C1 CompilerThread0"         daemon [_thread_blocked, id=18708, stack(0x000000c191c00000,0x000000c191d00000) (1024K)]
  0x00000217fe26a820 JavaThread "Common-Cleaner"             daemon [_thread_blocked, id=13160, stack(0x000000c191d00000,0x000000c191e00000) (1024K)]
  0x00000217dc2dc9b0 JavaThread "Notification Thread"        daemon [_thread_blocked, id=6852, stack(0x000000c191e00000,0x000000c191f00000) (1024K)]
  0x00000217dca3ded0 JavaThread "Active Thread: Equinox Container: 9fb5a7d0-3bfb-4369-ac07-98b54c9ab0cd"        [_thread_blocked, id=7684, stack(0x000000c192200000,0x000000c192300000) (1024K)]
  0x00000217dca6a800 JavaThread "Refresh Thread: Equinox Container: 9fb5a7d0-3bfb-4369-ac07-98b54c9ab0cd" daemon [_thread_blocked, id=4344, stack(0x000000c192300000,0x000000c192400000) (1024K)]
  0x00000217dc6198b0 JavaThread "Framework Event Dispatcher: Equinox Container: 9fb5a7d0-3bfb-4369-ac07-98b54c9ab0cd" daemon [_thread_blocked, id=12216, stack(0x000000c192400000,0x000000c192500000) (1024K)]
  0x00000217dc336a90 JavaThread "Start Level: Equinox Container: 9fb5a7d0-3bfb-4369-ac07-98b54c9ab0cd" daemon [_thread_blocked, id=11280, stack(0x000000c192500000,0x000000c192600000) (1024K)]
  0x00000217dc14cdc0 JavaThread "Bundle File Closer"         daemon [_thread_blocked, id=15556, stack(0x000000c192600000,0x000000c192700000) (1024K)]
  0x00000217dc507cc0 JavaThread "SCR Component Actor"        daemon [_thread_blocked, id=4380, stack(0x000000c190f00000,0x000000c191000000) (1024K)]
  0x00000217dd128f10 JavaThread "Worker-JM"                         [_thread_blocked, id=20156, stack(0x000000c192800000,0x000000c192900000) (1024K)]
  0x00000217dd12afe0 JavaThread "JNA Cleaner"                daemon [_thread_blocked, id=6956, stack(0x000000c192700000,0x000000c192800000) (1024K)]
  0x00000217dd12a950 JavaThread "Java indexing"              daemon [_thread_blocked, id=15592, stack(0x000000c192c00000,0x000000c192d00000) (1024K)]
  0x00000217dcf9eb30 JavaThread "Thread-1"                   daemon [_thread_in_native, id=17468, stack(0x000000c193100000,0x000000c193200000) (1024K)]
  0x00000217dcf9de10 JavaThread "Thread-2"                   daemon [_thread_in_native, id=18716, stack(0x000000c193200000,0x000000c193300000) (1024K)]
  0x00000217dcf9fee0 JavaThread "Thread-3"                   daemon [_thread_in_native, id=12888, stack(0x000000c193300000,0x000000c193400000) (1024K)]
  0x00000217dcf9f1c0 JavaThread "Thread-4"                   daemon [_thread_in_native, id=4924, stack(0x000000c193400000,0x000000c193500000) (1024K)]
  0x00000217dcfa1290 JavaThread "Thread-5"                   daemon [_thread_in_native, id=11904, stack(0x000000c193500000,0x000000c193600000) (1024K)]
  0x00000217dcf9b020 JavaThread "pool-2-thread-1"                   [_thread_blocked, id=11768, stack(0x000000c193600000,0x000000c193700000) (1024K)]
  0x00000217dcf9d780 JavaThread "WorkspaceEventsHandler"            [_thread_blocked, id=11668, stack(0x000000c193700000,0x000000c193800000) (1024K)]
  0x00000217dcfa1920 JavaThread "pool-1-thread-1"                   [_thread_blocked, id=3984, stack(0x000000c193800000,0x000000c193900000) (1024K)]
  0x00000217dd76afb0 JavaThread "Cleaner-0"                  daemon [_thread_blocked, id=6108, stack(0x000000c192d00000,0x000000c192e00000) (1024K)]
  0x00000217dd76d080 JavaThread "Java Debug Server"          daemon [_thread_in_native, id=5760, stack(0x000000c190e00000,0x000000c190f00000) (1024K)]
  0x00000217dd770b90 JavaThread "RxSchedulerPurge-1"         daemon [_thread_blocked, id=3256, stack(0x000000c192900000,0x000000c192a00000) (1024K)]
  0x00000217dd771220 JavaThread "RxCachedWorkerPoolEvictor-1" daemon [_thread_blocked, id=13600, stack(0x000000c192e00000,0x000000c192f00000) (1024K)]
  0x00000217dd7718b0 JavaThread "Worker-7"                          [_thread_blocked, id=17412, stack(0x000000c193000000,0x000000c193100000) (1024K)]
  0x00000217dd76a920 JavaThread "Worker-9"                          [_thread_blocked, id=2652, stack(0x000000c193b00000,0x000000c193c00000) (1024K)]
  0x00000217dd76a290 JavaThread "ForkJoinPool.commonPool-worker-15" daemon [_thread_blocked, id=13656, stack(0x000000c191000000,0x000000c191100000) (1024K)]
  0x00000217dd76b640 JavaThread "Worker-10"                         [_thread_blocked, id=632, stack(0x000000c192a00000,0x000000c192b00000) (1024K)]
  0x00000217dd76bcd0 JavaThread "ForkJoinPool.commonPool-worker-16" daemon [_thread_blocked, id=12732, stack(0x000000c192b00000,0x000000c192c00000) (1024K)]
  0x00000217dd76dda0 JavaThread "ForkJoinPool.commonPool-worker-17" daemon [_thread_blocked, id=8520, stack(0x000000c192f00000,0x000000c193000000) (1024K)]
  0x00000217dd76fe70 JavaThread "Worker-11"                         [_thread_blocked, id=1412, stack(0x000000c193900000,0x000000c193a00000) (1024K)]
Total: 39

Other Threads:
  0x00000217fbf7c020 VMThread "VM Thread"                           [id=13768, stack(0x000000c191400000,0x000000c191500000) (1024K)]
  0x00000217fe269990 WatcherThread "VM Periodic Task Thread"        [id=9612, stack(0x000000c191300000,0x000000c191400000) (1024K)]
  0x00000217fbf7cea0 WorkerThread "GC Thread#0"                     [id=19568, stack(0x000000c191200000,0x000000c191300000) (1024K)]
  0x00000217fbf7d5e0 WorkerThread "GC Thread#1"                     [id=12720, stack(0x000000c191f00000,0x000000c192000000) (1024K)]
  0x00000217fbf7d980 WorkerThread "GC Thread#2"                     [id=6340, stack(0x000000c192000000,0x000000c192100000) (1024K)]
  0x00000217dc8ff8a0 WorkerThread "GC Thread#3"                     [id=4772, stack(0x000000c192100000,0x000000c192200000) (1024K)]
Total: 6

Threads with active compile tasks:
C2 CompilerThread0  4027149 18601       4       org.eclipse.jdt.internal.compiler.lookup.BinaryTypeBinding::createMethod (1666 bytes)
Total: 1

VM state: not at safepoint (normal execution)

VM Mutex/Monitor currently owned by a thread: None

Heap address: 0x0000000080000000, size: 2048 MB, Compressed Oops mode: 32-bit

CDS archive(s) mapped at: [0x0000021797000000-0x0000021797ba0000-0x0000021797ba0000), size 12189696, SharedBaseAddress: 0x0000021797000000, ArchiveRelocationMode: 1.
Compressed class space mapped at: 0x0000021798000000-0x00000217d8000000, reserved size: 1073741824
Narrow klass base: 0x0000021797000000, Narrow klass shift: 0, Narrow klass range: 0x100000000

GC Precious Log:
 CardTable entry size: 512
 CPUs: 4 total, 4 available
 Memory: 3877M
 Large Page Support: Disabled
 NUMA Support: Disabled
 Compressed Oops: Enabled (32-bit)
 Alignments: Space 512K, Generation 512K, Heap 2M
 Heap Min Capacity: 100M
 Heap Initial Capacity: 100M
 Heap Max Capacity: 2G
 Pre-touch: Disabled
 Parallel Workers: 4

Heap:
 PSYoungGen      total 13312K, used 10891K [0x00000000d5580000, 0x00000000d6400000, 0x0000000100000000)
  eden space 12800K, 81% used [0x00000000d5580000,0x00000000d5fa2d80,0x00000000d6200000)
  from space 512K, 100% used [0x00000000d6300000,0x00000000d6380000,0x00000000d6380000)
  to   space 512K, 0% used [0x00000000d6380000,0x00000000d6380000,0x00000000d6400000)
 ParOldGen       total 248832K, used 142333K [0x0000000080000000, 0x000000008f300000, 0x00000000d5580000)
  object space 248832K, 57% used [0x0000000080000000,0x0000000088aff450,0x000000008f300000)
 Metaspace       used 88915K, committed 90880K, reserved 1179648K
  class space    used 9343K, committed 10176K, reserved 1048576K

Card table byte_map: [0x00000217fdbc0000,0x00000217fdfd0000] _byte_map_base: 0x00000217fd7c0000

Marking Bits: (ParMarkBitMap*) 0x00007ffbd949a340
 Begin Bits: [0x0000021792130000, 0x0000021794130000)
 End Bits:   [0x0000021794130000, 0x0000021796130000)

Polling page: 0x00000217fc200000

Metaspace:

Usage:
  Non-class:     77.71 MB used.
      Class:      9.12 MB used.
       Both:     86.83 MB used.

Virtual space:
  Non-class space:      128.00 MB reserved,      78.81 MB ( 62%) committed,  2 nodes.
      Class space:        1.00 GB reserved,       9.94 MB ( <1%) committed,  1 nodes.
             Both:        1.12 GB reserved,      88.75 MB (  8%) committed. 

Chunk freelists:
   Non-Class:  944.00 KB
       Class:  6.11 MB
        Both:  7.03 MB

MaxMetaspaceSize: unlimited
CompressedClassSpaceSize: 1.00 GB
Initial GC threshold: 21.00 MB
Current GC threshold: 139.81 MB
CDS: on
 - commit_granule_bytes: 65536.
 - commit_granule_words: 8192.
 - virtual_space_node_default_size: 8388608.
 - enlarge_chunks_in_place: 1.
 - use_allocation_guard: 0.


Internal statistics:

num_allocs_failed_limit: 9.
num_arena_births: 1698.
num_arena_deaths: 18.
num_vsnodes_births: 3.
num_vsnodes_deaths: 0.
num_space_committed: 1420.
num_space_uncommitted: 0.
num_chunks_returned_to_freelist: 29.
num_chunks_taken_from_freelist: 5912.
num_chunk_merges: 11.
num_chunk_splits: 3601.
num_chunks_enlarged: 1989.
num_inconsistent_stats: 0.

CodeHeap 'non-profiled nmethods': size=120000Kb used=14097Kb max_used=14097Kb free=105902Kb
 bounds [0x000002178ac00000, 0x000002178b9d0000, 0x0000021792130000]
CodeHeap 'profiled nmethods': size=120000Kb used=42171Kb max_used=42171Kb free=77829Kb
 bounds [0x0000021783130000, 0x0000021785a60000, 0x000002178a660000]
CodeHeap 'non-nmethods': size=5760Kb used=1534Kb max_used=1580Kb free=4226Kb
 bounds [0x000002178a660000, 0x000002178a8d0000, 0x000002178ac00000]
CodeCache: size=245760Kb, used=57802Kb, max_used=57848Kb, free=187957Kb
 total_blobs=17844, nmethods=16990, adapters=755, full_count=0
Compilation: enabled, stopped_count=0, restarted_count=0

Compilation events (20 events):
Event: 4026.443 Thread 0x0000021796297bd0 18597       3       java.io.File::<init> (47 bytes)
Event: 4026.444 Thread 0x0000021796297bd0 nmethod 18597 0x0000021785a5b310 code [0x0000021785a5b4e0, 0x0000021785a5b810]
Event: 4026.506 Thread 0x0000021796279ed0 nmethod 18592% 0x000002178b9ae590 code [0x000002178b9aeb60, 0x000002178b9b43f8]
Event: 4026.507 Thread 0x0000021796279ed0 18594 %     4       java.util.zip.ZipFile$Source::initCEN @ 261 (612 bytes)
Event: 4026.574 Thread 0x0000021796297bd0 18598       3       sun.nio.fs.NativeBuffers::getNativeBufferFromCache (51 bytes)
Event: 4026.574 Thread 0x0000021796297bd0 nmethod 18598 0x0000021785a5b990 code [0x0000021785a5bb80, 0x0000021785a5c278]
Event: 4026.626 Thread 0x0000021796279ed0 nmethod 18594% 0x000002178b9b7e10 code [0x000002178b9b8200, 0x000002178b9bb0a8]
Event: 4026.627 Thread 0x0000021796279ed0 18593       4       java.util.stream.Collectors$$Lambda/0x00000217980cf080::accept (14 bytes)
Event: 4026.630 Thread 0x0000021796279ed0 nmethod 18593 0x000002178b9bd010 code [0x000002178b9bd1e0, 0x000002178b9bd5c0]
Event: 4026.645 Thread 0x0000021796279ed0 18599       4       java.util.zip.ZipFile$Source::initCEN (612 bytes)
Event: 4026.768 Thread 0x0000021796297bd0 18600       1       org.eclipse.jdt.internal.compiler.lookup.MethodBinding::setTypeAnnotations (6 bytes)
Event: 4026.768 Thread 0x0000021796297bd0 nmethod 18600 0x000002178b9bd810 code [0x000002178b9bd9a0, 0x000002178b9bda80]
Event: 4026.770 Thread 0x0000021796297bd0 18604       3       org.eclipse.jdt.internal.compiler.lookup.PackageBinding::addType (262 bytes)
Event: 4026.773 Thread 0x0000021796297bd0 nmethod 18604 0x0000021785a5c490 code [0x0000021785a5c7c0, 0x0000021785a5ddc0]
Event: 4026.782 Thread 0x0000021796279ed0 nmethod 18599 0x000002178b9bdb10 code [0x000002178b9bdfa0, 0x000002178b9c1e38]
Event: 4026.782 Thread 0x0000021796279ed0 18601       4       org.eclipse.jdt.internal.compiler.lookup.BinaryTypeBinding::createMethod (1666 bytes)
Event: 4026.804 Thread 0x0000021796297bd0 18606       3       org.eclipse.jdt.core.dom.DefaultASTVisitor::visit (6 bytes)
Event: 4026.804 Thread 0x0000021796297bd0 nmethod 18606 0x0000021785a5e410 code [0x0000021785a5e5c0, 0x0000021785a5e788]
Event: 4026.804 Thread 0x0000021796297bd0 18607       3       org.eclipse.jdt.core.dom.DefaultASTVisitor::endVisit (6 bytes)
Event: 4026.804 Thread 0x0000021796297bd0 nmethod 18607 0x0000021785a5e810 code [0x0000021785a5e9c0, 0x0000021785a5eb88]

GC Heap History (20 events):
Event: 3957.872 GC heap before
{Heap before GC invocations=188 (full 4):
 PSYoungGen      total 14336K, used 14068K [0x00000000d5580000, 0x00000000d6600000, 0x0000000100000000)
  eden space 12800K, 100% used [0x00000000d5580000,0x00000000d6200000,0x00000000d6200000)
  from space 1536K, 82% used [0x00000000d6200000,0x00000000d633d240,0x00000000d6380000)
  to   space 2048K, 0% used [0x00000000d6400000,0x00000000d6400000,0x00000000d6600000)
 ParOldGen       total 248832K, used 133193K [0x0000000080000000, 0x000000008f300000, 0x00000000d5580000)
  object space 248832K, 53% used [0x0000000080000000,0x0000000088212650,0x000000008f300000)
 Metaspace       used 85768K, committed 87616K, reserved 1179648K
  class space    used 8952K, committed 9728K, reserved 1048576K
}
Event: 3957.880 GC heap after
{Heap after GC invocations=188 (full 4):
 PSYoungGen      total 14336K, used 1364K [0x00000000d5580000, 0x00000000d6580000, 0x0000000100000000)
  eden space 12800K, 0% used [0x00000000d5580000,0x00000000d5580000,0x00000000d6200000)
  from space 1536K, 88% used [0x00000000d6400000,0x00000000d6555220,0x00000000d6580000)
  to   space 1536K, 0% used [0x00000000d6200000,0x00000000d6200000,0x00000000d6380000)
 ParOldGen       total 248832K, used 134371K [0x0000000080000000, 0x000000008f300000, 0x00000000d5580000)
  object space 248832K, 54% used [0x0000000080000000,0x0000000088338fe0,0x000000008f300000)
 Metaspace       used 85768K, committed 87616K, reserved 1179648K
  class space    used 8952K, committed 9728K, reserved 1048576K
}
Event: 3989.252 GC heap before
{Heap before GC invocations=189 (full 4):
 PSYoungGen      total 14336K, used 14164K [0x00000000d5580000, 0x00000000d6580000, 0x0000000100000000)
  eden space 12800K, 99% used [0x00000000d5580000,0x00000000d61fffd8,0x00000000d6200000)
  from space 1536K, 88% used [0x00000000d6400000,0x00000000d6555220,0x00000000d6580000)
  to   space 1536K, 0% used [0x00000000d6200000,0x00000000d6200000,0x00000000d6380000)
 ParOldGen       total 248832K, used 134371K [0x0000000080000000, 0x000000008f300000, 0x00000000d5580000)
  object space 248832K, 54% used [0x0000000080000000,0x0000000088338fe0,0x000000008f300000)
 Metaspace       used 85841K, committed 87680K, reserved 1179648K
  class space    used 8955K, committed 9728K, reserved 1048576K
}
Event: 3989.344 GC heap after
{Heap after GC invocations=189 (full 4):
 PSYoungGen      total 14336K, used 596K [0x00000000d5580000, 0x00000000d6480000, 0x0000000100000000)
  eden space 12800K, 0% used [0x00000000d5580000,0x00000000d5580000,0x00000000d6200000)
  from space 1536K, 38% used [0x00000000d6200000,0x00000000d6295220,0x00000000d6380000)
  to   space 1024K, 0% used [0x00000000d6380000,0x00000000d6380000,0x00000000d6480000)
 ParOldGen       total 248832K, used 135686K [0x0000000080000000, 0x000000008f300000, 0x00000000d5580000)
  object space 248832K, 54% used [0x0000000080000000,0x0000000088481990,0x000000008f300000)
 Metaspace       used 85841K, committed 87680K, reserved 1179648K
  class space    used 8955K, committed 9728K, reserved 1048576K
}
Event: 3989.563 GC heap before
{Heap before GC invocations=190 (full 4):
 PSYoungGen      total 14336K, used 13396K [0x00000000d5580000, 0x00000000d6480000, 0x0000000100000000)
  eden space 12800K, 100% used [0x00000000d5580000,0x00000000d6200000,0x00000000d6200000)
  from space 1536K, 38% used [0x00000000d6200000,0x00000000d6295220,0x00000000d6380000)
  to   space 1024K, 0% used [0x00000000d6380000,0x00000000d6380000,0x00000000d6480000)
 ParOldGen       total 248832K, used 135686K [0x0000000080000000, 0x000000008f300000, 0x00000000d5580000)
  object space 248832K, 54% used [0x0000000080000000,0x0000000088481990,0x000000008f300000)
 Metaspace       used 85844K, committed 87680K, reserved 1179648K
  class space    used 8955K, committed 9728K, reserved 1048576K
}
Event: 3989.570 GC heap after
{Heap after GC invocations=190 (full 4):
 PSYoungGen      total 13824K, used 848K [0x00000000d5580000, 0x00000000d6480000, 0x0000000100000000)
  eden space 12800K, 0% used [0x00000000d5580000,0x00000000d5580000,0x00000000d6200000)
  from space 1024K, 82% used [0x00000000d6380000,0x00000000d6454010,0x00000000d6480000)
  to   space 1024K, 0% used [0x00000000d6280000,0x00000000d6280000,0x00000000d6380000)
 ParOldGen       total 248832K, used 136245K [0x0000000080000000, 0x000000008f300000, 0x00000000d5580000)
  object space 248832K, 54% used [0x0000000080000000,0x000000008850d588,0x000000008f300000)
 Metaspace       used 85844K, committed 87680K, reserved 1179648K
  class space    used 8955K, committed 9728K, reserved 1048576K
}
Event: 3990.834 GC heap before
{Heap before GC invocations=191 (full 4):
 PSYoungGen      total 13824K, used 13648K [0x00000000d5580000, 0x00000000d6480000, 0x0000000100000000)
  eden space 12800K, 100% used [0x00000000d5580000,0x00000000d6200000,0x00000000d6200000)
  from space 1024K, 82% used [0x00000000d6380000,0x00000000d6454010,0x00000000d6480000)
  to   space 1024K, 0% used [0x00000000d6280000,0x00000000d6280000,0x00000000d6380000)
 ParOldGen       total 248832K, used 136245K [0x0000000080000000, 0x000000008f300000, 0x00000000d5580000)
  object space 248832K, 54% used [0x0000000080000000,0x000000008850d588,0x000000008f300000)
 Metaspace       used 85904K, committed 87744K, reserved 1179648K
  class space    used 8955K, committed 9728K, reserved 1048576K
}
Event: 3990.849 GC heap after
{Heap after GC invocations=191 (full 4):
 PSYoungGen      total 13824K, used 1012K [0x00000000d5580000, 0x00000000d6700000, 0x0000000100000000)
  eden space 12800K, 0% used [0x00000000d5580000,0x00000000d5580000,0x00000000d6200000)
  from space 1024K, 98% used [0x00000000d6280000,0x00000000d637d200,0x00000000d6380000)
  to   space 2560K, 0% used [0x00000000d6480000,0x00000000d6480000,0x00000000d6700000)
 ParOldGen       total 248832K, used 137325K [0x0000000080000000, 0x000000008f300000, 0x00000000d5580000)
  object space 248832K, 55% used [0x0000000080000000,0x000000008861b618,0x000000008f300000)
 Metaspace       used 85904K, committed 87744K, reserved 1179648K
  class space    used 8955K, committed 9728K, reserved 1048576K
}
Event: 3991.188 GC heap before
{Heap before GC invocations=192 (full 4):
 PSYoungGen      total 13824K, used 13812K [0x00000000d5580000, 0x00000000d6700000, 0x0000000100000000)
  eden space 12800K, 99% used [0x00000000d5580000,0x00000000d61fffd0,0x00000000d6200000)
  from space 1024K, 98% used [0x00000000d6280000,0x00000000d637d200,0x00000000d6380000)
  to   space 2560K, 0% used [0x00000000d6480000,0x00000000d6480000,0x00000000d6700000)
 ParOldGen       total 248832K, used 137325K [0x0000000080000000, 0x000000008f300000, 0x00000000d5580000)
  object space 248832K, 55% used [0x0000000080000000,0x000000008861b618,0x000000008f300000)
 Metaspace       used 85929K, committed 87744K, reserved 1179648K
  class space    used 8955K, committed 9728K, reserved 1048576K
}
Event: 3991.198 GC heap after
{Heap after GC invocations=192 (full 4):
 PSYoungGen      total 14336K, used 1172K [0x00000000d5580000, 0x00000000d6600000, 0x0000000100000000)
  eden space 12800K, 0% used [0x00000000d5580000,0x00000000d5580000,0x00000000d6200000)
  from space 1536K, 76% used [0x00000000d6480000,0x00000000d65a5220,0x00000000d6600000)
  to   space 1536K, 0% used [0x00000000d6300000,0x00000000d6300000,0x00000000d6480000)
 ParOldGen       total 248832K, used 138322K [0x0000000080000000, 0x000000008f300000, 0x00000000d5580000)
  object space 248832K, 55% used [0x0000000080000000,0x0000000088714848,0x000000008f300000)
 Metaspace       used 85929K, committed 87744K, reserved 1179648K
  class space    used 8955K, committed 9728K, reserved 1048576K
}
Event: 3991.277 GC heap before
{Heap before GC invocations=193 (full 4):
 PSYoungGen      total 14336K, used 13972K [0x00000000d5580000, 0x00000000d6600000, 0x0000000100000000)
  eden space 12800K, 100% used [0x00000000d5580000,0x00000000d6200000,0x00000000d6200000)
  from space 1536K, 76% used [0x00000000d6480000,0x00000000d65a5220,0x00000000d6600000)
  to   space 1536K, 0% used [0x00000000d6300000,0x00000000d6300000,0x00000000d6480000)
 ParOldGen       total 248832K, used 138322K [0x0000000080000000, 0x000000008f300000, 0x00000000d5580000)
  object space 248832K, 55% used [0x0000000080000000,0x0000000088714848,0x000000008f300000)
 Metaspace       used 85953K, committed 87808K, reserved 1179648K
  class space    used 8955K, committed 9728K, reserved 1048576K
}
Event: 3991.288 GC heap after
{Heap after GC invocations=193 (full 4):
 PSYoungGen      total 14336K, used 1284K [0x00000000d5580000, 0x00000000d6500000, 0x0000000100000000)
  eden space 12800K, 0% used [0x00000000d5580000,0x00000000d5580000,0x00000000d6200000)
  from space 1536K, 83% used [0x00000000d6300000,0x00000000d6441210,0x00000000d6480000)
  to   space 512K, 0% used [0x00000000d6480000,0x00000000d6480000,0x00000000d6500000)
 ParOldGen       total 248832K, used 139422K [0x0000000080000000, 0x000000008f300000, 0x00000000d5580000)
  object space 248832K, 56% used [0x0000000080000000,0x0000000088827ab8,0x000000008f300000)
 Metaspace       used 85953K, committed 87808K, reserved 1179648K
  class space    used 8955K, committed 9728K, reserved 1048576K
}
Event: 4019.913 GC heap before
{Heap before GC invocations=194 (full 4):
 PSYoungGen      total 14336K, used 14084K [0x00000000d5580000, 0x00000000d6500000, 0x0000000100000000)
  eden space 12800K, 100% used [0x00000000d5580000,0x00000000d6200000,0x00000000d6200000)
  from space 1536K, 83% used [0x00000000d6300000,0x00000000d6441210,0x00000000d6480000)
  to   space 512K, 0% used [0x00000000d6480000,0x00000000d6480000,0x00000000d6500000)
 ParOldGen       total 248832K, used 139422K [0x0000000080000000, 0x000000008f300000, 0x00000000d5580000)
  object space 248832K, 56% used [0x0000000080000000,0x0000000088827ab8,0x000000008f300000)
 Metaspace       used 85983K, committed 87808K, reserved 1179648K
  class space    used 8955K, committed 9728K, reserved 1048576K
}
Event: 4020.013 GC heap after
{Heap after GC invocations=194 (full 4):
 PSYoungGen      total 13312K, used 500K [0x00000000d5580000, 0x00000000d6700000, 0x0000000100000000)
  eden space 12800K, 0% used [0x00000000d5580000,0x00000000d5580000,0x00000000d6200000)
  from space 512K, 97% used [0x00000000d6480000,0x00000000d64fd200,0x00000000d6500000)
  to   space 2560K, 0% used [0x00000000d6200000,0x00000000d6200000,0x00000000d6480000)
 ParOldGen       total 248832K, used 141111K [0x0000000080000000, 0x000000008f300000, 0x00000000d5580000)
  object space 248832K, 56% used [0x0000000080000000,0x00000000889cdf58,0x000000008f300000)
 Metaspace       used 85983K, committed 87808K, reserved 1179648K
  class space    used 8955K, committed 9728K, reserved 1048576K
}
Event: 4020.959 GC heap before
{Heap before GC invocations=195 (full 4):
 PSYoungGen      total 13312K, used 13268K [0x00000000d5580000, 0x00000000d6700000, 0x0000000100000000)
  eden space 12800K, 99% used [0x00000000d5580000,0x00000000d61f8100,0x00000000d6200000)
  from space 512K, 97% used [0x00000000d6480000,0x00000000d64fd200,0x00000000d6500000)
  to   space 2560K, 0% used [0x00000000d6200000,0x00000000d6200000,0x00000000d6480000)
 ParOldGen       total 248832K, used 141111K [0x0000000080000000, 0x000000008f300000, 0x00000000d5580000)
  object space 248832K, 56% used [0x0000000080000000,0x00000000889cdf58,0x000000008f300000)
 Metaspace       used 86042K, committed 87872K, reserved 1179648K
  class space    used 8966K, committed 9728K, reserved 1048576K
}
Event: 4020.966 GC heap after
{Heap after GC invocations=195 (full 4):
 PSYoungGen      total 13824K, used 576K [0x00000000d5580000, 0x00000000d6500000, 0x0000000100000000)
  eden space 12800K, 0% used [0x00000000d5580000,0x00000000d5580000,0x00000000d6200000)
  from space 1024K, 56% used [0x00000000d6200000,0x00000000d6290000,0x00000000d6300000)
  to   space 1536K, 0% used [0x00000000d6380000,0x00000000d6380000,0x00000000d6500000)
 ParOldGen       total 248832K, used 141588K [0x0000000080000000, 0x000000008f300000, 0x00000000d5580000)
  object space 248832K, 56% used [0x0000000080000000,0x0000000088a45158,0x000000008f300000)
 Metaspace       used 86042K, committed 87872K, reserved 1179648K
  class space    used 8966K, committed 9728K, reserved 1048576K
}
Event: 4022.809 GC heap before
{Heap before GC invocations=196 (full 4):
 PSYoungGen      total 13824K, used 13376K [0x00000000d5580000, 0x00000000d6500000, 0x0000000100000000)
  eden space 12800K, 100% used [0x00000000d5580000,0x00000000d6200000,0x00000000d6200000)
  from space 1024K, 56% used [0x00000000d6200000,0x00000000d6290000,0x00000000d6300000)
  to   space 1536K, 0% used [0x00000000d6380000,0x00000000d6380000,0x00000000d6500000)
 ParOldGen       total 248832K, used 141588K [0x0000000080000000, 0x000000008f300000, 0x00000000d5580000)
  object space 248832K, 56% used [0x0000000080000000,0x0000000088a45158,0x000000008f300000)
 Metaspace       used 86314K, committed 88128K, reserved 1179648K
  class space    used 9003K, committed 9792K, reserved 1048576K
}
Event: 4022.816 GC heap after
{Heap after GC invocations=196 (full 4):
 PSYoungGen      total 13312K, used 224K [0x00000000d5580000, 0x00000000d6400000, 0x0000000100000000)
  eden space 12800K, 0% used [0x00000000d5580000,0x00000000d5580000,0x00000000d6200000)
  from space 512K, 43% used [0x00000000d6380000,0x00000000d63b8020,0x00000000d6400000)
  to   space 512K, 0% used [0x00000000d6300000,0x00000000d6300000,0x00000000d6380000)
 ParOldGen       total 248832K, used 142109K [0x0000000080000000, 0x000000008f300000, 0x00000000d5580000)
  object space 248832K, 57% used [0x0000000080000000,0x0000000088ac7430,0x000000008f300000)
 Metaspace       used 86314K, committed 88128K, reserved 1179648K
  class space    used 9003K, committed 9792K, reserved 1048576K
}
Event: 4025.976 GC heap before
{Heap before GC invocations=197 (full 4):
 PSYoungGen      total 13312K, used 13024K [0x00000000d5580000, 0x00000000d6400000, 0x0000000100000000)
  eden space 12800K, 100% used [0x00000000d5580000,0x00000000d6200000,0x00000000d6200000)
  from space 512K, 43% used [0x00000000d6380000,0x00000000d63b8020,0x00000000d6400000)
  to   space 512K, 0% used [0x00000000d6300000,0x00000000d6300000,0x00000000d6380000)
 ParOldGen       total 248832K, used 142109K [0x0000000080000000, 0x000000008f300000, 0x00000000d5580000)
  object space 248832K, 57% used [0x0000000080000000,0x0000000088ac7430,0x000000008f300000)
 Metaspace       used 88300K, committed 90176K, reserved 1179648K
  class space    used 9283K, committed 10048K, reserved 1048576K
}
Event: 4025.986 GC heap after
{Heap after GC invocations=197 (full 4):
 PSYoungGen      total 13312K, used 512K [0x00000000d5580000, 0x00000000d6400000, 0x0000000100000000)
  eden space 12800K, 0% used [0x00000000d5580000,0x00000000d5580000,0x00000000d6200000)
  from space 512K, 100% used [0x00000000d6300000,0x00000000d6380000,0x00000000d6380000)
  to   space 512K, 0% used [0x00000000d6380000,0x00000000d6380000,0x00000000d6400000)
 ParOldGen       total 248832K, used 142333K [0x0000000080000000, 0x000000008f300000, 0x00000000d5580000)
  object space 248832K, 57% used [0x0000000080000000,0x0000000088aff450,0x000000008f300000)
 Metaspace       used 88300K, committed 90176K, reserved 1179648K
  class space    used 9283K, committed 10048K, reserved 1048576K
}

Dll operation events (12 events):
Event: 0.013 Loaded shared library c:\Users\vdars\.vscode\extensions\redhat.java-1.47.0-win32-x64\jre\21.0.8-win32-x86_64\bin\java.dll
Event: 0.138 Loaded shared library c:\Users\vdars\.vscode\extensions\redhat.java-1.47.0-win32-x64\jre\21.0.8-win32-x86_64\bin\zip.dll
Event: 0.177 Loaded shared library C:\Users\vdars\.vscode\extensions\redhat.java-1.47.0-win32-x64\jre\21.0.8-win32-x86_64\bin\instrument.dll
Event: 0.183 Loaded shared library C:\Users\vdars\.vscode\extensions\redhat.java-1.47.0-win32-x64\jre\21.0.8-win32-x86_64\bin\net.dll
Event: 0.186 Loaded shared library C:\Users\vdars\.vscode\extensions\redhat.java-1.47.0-win32-x64\jre\21.0.8-win32-x86_64\bin\nio.dll
Event: 0.191 Loaded shared library C:\Users\vdars\.vscode\extensions\redhat.java-1.47.0-win32-x64\jre\21.0.8-win32-x86_64\bin\zip.dll
Event: 0.216 Loaded shared library C:\Users\vdars\.vscode\extensions\redhat.java-1.47.0-win32-x64\jre\21.0.8-win32-x86_64\bin\jimage.dll
Event: 0.358 Loaded shared library c:\Users\vdars\.vscode\extensions\redhat.java-1.47.0-win32-x64\jre\21.0.8-win32-x86_64\bin\verify.dll
Event: 9.890 Loaded shared library C:\Users\vdars\AppData\Roaming\Code\User\globalStorage\redhat.java\1.47.0\config_win\org.eclipse.equinox.launcher\org.eclipse.equinox.launcher.win32.win32.x86_64_1.2.1400.v20250801-0854\eclipse_11916.dll
Event: 33.613 Loaded shared library C:\Users\vdars\AppData\Local\Temp\jna-112051444\jna14188981461088771644.dll
Event: 252.827 Loaded shared library C:\Users\vdars\.vscode\extensions\redhat.java-1.47.0-win32-x64\jre\21.0.8-win32-x86_64\bin\extnet.dll
Event: 291.834 Loaded shared library C:\Users\vdars\.vscode\extensions\redhat.java-1.47.0-win32-x64\jre\21.0.8-win32-x86_64\bin\sunmscapi.dll

Deoptimization events (20 events):
Event: 4026.767 Thread 0x00000217dd76a290 Uncommon trap: trap_request=0xffffff45 fr.pc=0x000002178b986b48 relative=0x0000000000000188
Event: 4026.767 Thread 0x00000217dd76a290 Uncommon trap: reason=unstable_if action=reinterpret pc=0x000002178b986b48 method=org.eclipse.jdt.internal.compiler.lookup.PackageBinding.isViewedAsDeprecated()Z @ 28 c2
Event: 4026.767 Thread 0x00000217dd76a290 DEOPT PACKING pc=0x000002178b986b48 sp=0x000000c1910fd860
Event: 4026.767 Thread 0x00000217dd76a290 DEOPT UNPACKING pc=0x000002178a6b6da2 sp=0x000000c1910fd798 mode 2
Event: 4026.767 Thread 0x00000217dd76a290 Uncommon trap: trap_request=0xffffffc6 fr.pc=0x000002178b9734cc relative=0x000000000000060c
Event: 4026.767 Thread 0x00000217dd76a290 Uncommon trap: reason=bimorphic_or_optimized_type_check action=maybe_recompile pc=0x000002178b9734cc method=org.eclipse.jdt.internal.compiler.lookup.LookupEnvironment.convertToRawType(Lorg/eclipse/jdt/internal/compiler/lookup/TypeBinding;Z)Lorg/eclipse/jd
Event: 4026.767 Thread 0x00000217dd76a290 DEOPT PACKING pc=0x000002178b9734cc sp=0x000000c1910fd900
Event: 4026.767 Thread 0x00000217dd76a290 DEOPT UNPACKING pc=0x000002178a6b6da2 sp=0x000000c1910fd888 mode 2
Event: 4026.772 Thread 0x00000217dd76a290 Uncommon trap: trap_request=0xffffffc6 fr.pc=0x000002178b9734cc relative=0x000000000000060c
Event: 4026.772 Thread 0x00000217dd76a290 Uncommon trap: reason=bimorphic_or_optimized_type_check action=maybe_recompile pc=0x000002178b9734cc method=org.eclipse.jdt.internal.compiler.lookup.LookupEnvironment.convertToRawType(Lorg/eclipse/jdt/internal/compiler/lookup/TypeBinding;Z)Lorg/eclipse/jd
Event: 4026.772 Thread 0x00000217dd76a290 DEOPT PACKING pc=0x000002178b9734cc sp=0x000000c1910fd520
Event: 4026.772 Thread 0x00000217dd76a290 DEOPT UNPACKING pc=0x000002178a6b6da2 sp=0x000000c1910fd4a8 mode 2
Event: 4026.772 Thread 0x00000217dd76a290 Uncommon trap: trap_request=0xffffffc6 fr.pc=0x000002178b9734cc relative=0x000000000000060c
Event: 4026.772 Thread 0x00000217dd76a290 Uncommon trap: reason=bimorphic_or_optimized_type_check action=maybe_recompile pc=0x000002178b9734cc method=org.eclipse.jdt.internal.compiler.lookup.LookupEnvironment.convertToRawType(Lorg/eclipse/jdt/internal/compiler/lookup/TypeBinding;Z)Lorg/eclipse/jd
Event: 4026.772 Thread 0x00000217dd76a290 DEOPT PACKING pc=0x000002178b9734cc sp=0x000000c1910fd640
Event: 4026.772 Thread 0x00000217dd76a290 DEOPT UNPACKING pc=0x000002178a6b6da2 sp=0x000000c1910fd5e0 mode 2
Event: 4026.810 Thread 0x00000217dd76a290 Uncommon trap: trap_request=0xffffff45 fr.pc=0x000002178b72fc30 relative=0x0000000000000970
Event: 4026.810 Thread 0x00000217dd76a290 Uncommon trap: reason=unstable_if action=reinterpret pc=0x000002178b72fc30 method=java.net.URI.appendAuthority(Ljava/lang/StringBuilder;Ljava/lang/String;Ljava/lang/String;Ljava/lang/String;I)V @ 130 c2
Event: 4026.810 Thread 0x00000217dd76a290 DEOPT PACKING pc=0x000002178b72fc30 sp=0x000000c1910fe4d0
Event: 4026.810 Thread 0x00000217dd76a290 DEOPT UNPACKING pc=0x000002178a6b6da2 sp=0x000000c1910fe3e0 mode 2

Classes loaded (20 events):
Event: 4024.958 Loading class sun/security/util/DomainName$RegisteredDomainImpl
Event: 4024.958 Loading class sun/security/util/DomainName$RegisteredDomainImpl done
Event: 4024.963 Loading class sun/security/rsa/MGF1
Event: 4024.964 Loading class sun/security/rsa/MGF1 done
Event: 4024.967 Loading class sun/security/ssl/CipherSuite$1
Event: 4024.967 Loading class sun/security/ssl/CipherSuite$1 done
Event: 4025.083 Loading class java/util/stream/ReduceOps$6
Event: 4025.084 Loading class java/util/stream/ReduceOps$6 done
Event: 4025.084 Loading class java/util/stream/ReduceOps$5ReducingSink
Event: 4025.087 Loading class java/util/stream/ReduceOps$5ReducingSink done
Event: 4025.644 Loading class java/util/stream/FindOps$FindSink$OfLong
Event: 4025.647 Loading class java/util/stream/FindOps$FindSink$OfLong done
Event: 4025.656 Loading class java/util/OptionalLong
Event: 4025.657 Loading class java/util/OptionalLong done
Event: 4025.685 Loading class java/nio/HeapByteBufferR
Event: 4025.686 Loading class java/nio/HeapByteBufferR done
Event: 4025.993 Loading class java/util/LinkedList$LLSpliterator
Event: 4025.994 Loading class java/util/LinkedList$LLSpliterator done
Event: 4026.117 Loading class java/util/HashMap$EntrySpliterator
Event: 4026.118 Loading class java/util/HashMap$EntrySpliterator done

Classes unloaded (9 events):
Event: 36.319 Thread 0x00000217fbf7c020 Unloading class 0x00000217981a5000 'java/lang/invoke/LambdaForm$MH+0x00000217981a5000'
Event: 36.320 Thread 0x00000217fbf7c020 Unloading class 0x00000217981a4c00 'java/lang/invoke/LambdaForm$MH+0x00000217981a4c00'
Event: 36.320 Thread 0x00000217fbf7c020 Unloading class 0x00000217981a4800 'java/lang/invoke/LambdaForm$MH+0x00000217981a4800'
Event: 36.320 Thread 0x00000217fbf7c020 Unloading class 0x00000217981a4400 'java/lang/invoke/LambdaForm$MH+0x00000217981a4400'
Event: 36.320 Thread 0x00000217fbf7c020 Unloading class 0x00000217981a4000 'java/lang/invoke/LambdaForm$BMH+0x00000217981a4000'
Event: 36.320 Thread 0x00000217fbf7c020 Unloading class 0x00000217981a3c00 'java/lang/invoke/LambdaForm$DMH+0x00000217981a3c00'
Event: 36.320 Thread 0x00000217fbf7c020 Unloading class 0x00000217981a2800 'java/lang/invoke/LambdaForm$DMH+0x00000217981a2800'
Event: 293.689 Thread 0x00000217fbf7c020 Unloading class 0x000002179870c800 'java/lang/invoke/LambdaForm$MH+0x000002179870c800'
Event: 293.690 Thread 0x00000217fbf7c020 Unloading class 0x000002179870c000 'java/lang/invoke/LambdaForm$MH+0x000002179870c000'

Classes redefined (0 events):
No events

Internal exceptions (20 events):
Event: 297.086 Thread 0x00000217dcf9b6b0 Exception <a 'sun/nio/fs/WindowsException'{0x00000000d5923a10}> (0x00000000d5923a10) 
thrown [s\src\hotspot\share\prims\jni.cpp, line 520]
Event: 297.219 Thread 0x00000217dcf9b6b0 Exception <a 'sun/nio/fs/WindowsException'{0x00000000d5c17078}> (0x00000000d5c17078) 
thrown [s\src\hotspot\share\prims\jni.cpp, line 520]
Event: 297.219 Thread 0x00000217dcf9b6b0 Exception <a 'sun/nio/fs/WindowsException'{0x00000000d5c17b78}> (0x00000000d5c17b78) 
thrown [s\src\hotspot\share\prims\jni.cpp, line 520]
Event: 297.325 Thread 0x00000217dcf9b6b0 Exception <a 'sun/nio/fs/WindowsException'{0x00000000d5ebbec0}> (0x00000000d5ebbec0) 
thrown [s\src\hotspot\share\prims\jni.cpp, line 520]
Event: 297.325 Thread 0x00000217dcf9b6b0 Exception <a 'sun/nio/fs/WindowsException'{0x00000000d5ebc9c0}> (0x00000000d5ebc9c0) 
thrown [s\src\hotspot\share\prims\jni.cpp, line 520]
Event: 297.369 Thread 0x00000217dcf9b6b0 Exception <a 'sun/nio/fs/WindowsException'{0x00000000d6127b18}> (0x00000000d6127b18) 
thrown [s\src\hotspot\share\prims\jni.cpp, line 520]
Event: 297.369 Thread 0x00000217dcf9b6b0 Exception <a 'sun/nio/fs/WindowsException'{0x00000000d6128618}> (0x00000000d6128618) 
thrown [s\src\hotspot\share\prims\jni.cpp, line 520]
Event: 297.440 Thread 0x00000217dcf9b6b0 Exception <a 'sun/nio/fs/WindowsException'{0x00000000d63e0900}> (0x00000000d63e0900) 
thrown [s\src\hotspot\share\prims\jni.cpp, line 520]
Event: 297.441 Thread 0x00000217dcf9b6b0 Exception <a 'sun/nio/fs/WindowsException'{0x00000000d63e1400}> (0x00000000d63e1400) 
thrown [s\src\hotspot\share\prims\jni.cpp, line 520]
Event: 297.689 Thread 0x00000217dcf9b6b0 Exception <a 'sun/nio/fs/WindowsException'{0x00000000d5d21b38}> (0x00000000d5d21b38) 
thrown [s\src\hotspot\share\prims\jni.cpp, line 520]
Event: 297.689 Thread 0x00000217dcf9b6b0 Exception <a 'sun/nio/fs/WindowsException'{0x00000000d5d22638}> (0x00000000d5d22638) 
thrown [s\src\hotspot\share\prims\jni.cpp, line 520]
Event: 406.451 Thread 0x00000217dd128880 Exception <a 'sun/nio/fs/WindowsException'{0x00000000d5fd32a8}> (0x00000000d5fd32a8) 
thrown [s\src\hotspot\share\prims\jni.cpp, line 520]
Event: 406.458 Thread 0x00000217dd128880 Exception <a 'sun/nio/fs/WindowsException'{0x00000000d5fd3ff0}> (0x00000000d5fd3ff0) 
thrown [s\src\hotspot\share\prims\jni.cpp, line 520]
Event: 406.521 Thread 0x00000217dd128880 Implicit null exception at 0x000002178b626b06 to 0x000002178b626e80
Event: 407.283 Thread 0x00000217dd128880 Exception <a 'java/lang/NoSuchMethodError'{0x00000000d6071310}: static [J.<clinit>()V> (0x00000000d6071310) 
thrown [s\src\hotspot\share\prims\jni.cpp, line 1111]
Event: 3168.853 Thread 0x00000217dcfa1920 Exception <a 'java/lang/IncompatibleClassChangeError'{0x00000000d6114908}: Found class java.lang.Object, but interface was expected> (0x00000000d6114908) 
thrown [s\src\hotspot\share\interpreter\linkResolver.cpp, line 840]
Event: 3212.525 Thread 0x00000217dd76fe70 Implicit null exception at 0x000002178b86c92c to 0x000002178b86fcd0
Event: 3955.857 Thread 0x00000217dd76bcd0 Exception <a 'java/lang/ArrayIndexOutOfBoundsException'{0x00000000d58d1a20}: Index 1261 out of bounds for length 1260> (0x00000000d58d1a20) 
thrown [s\src\hotspot\share\interpreter\interpreterRuntime.cpp, line 439]
Event: 4022.376 Thread 0x00000217dd76a290 Exception <a 'java/lang/NoSuchMethodError'{0x00000000d618da48}: 'java.lang.Object java.lang.invoke.DirectMethodHandle$Holder.invokeStaticInit(java.lang.Object, java.lang.Object, int)'> (0x00000000d618da48) 
thrown [s\src\hotspot\share\interpreter\linkResolver.cpp, line 773]
Event: 4024.505 Thread 0x00000217dc4df9c0 Exception <a 'java/lang/NoSuchMethodError'{0x00000000d5a9eb90}: 'void java.lang.invoke.DirectMethodHandle$Holder.invokeStatic(java.lang.Object, java.lang.Object, int)'> (0x00000000d5a9eb90) 
thrown [s\src\hotspot\share\interpreter\linkResolver.cpp, line 773]

ZGC Phase Switch (0 events):
No events

VM Operations (20 events):
Event: 4023.975 Executing VM operation: HandshakeAllThreads (Deoptimize)
Event: 4023.976 Executing VM operation: HandshakeAllThreads (Deoptimize) done
Event: 4024.981 Executing VM operation: Cleanup
Event: 4024.997 Executing VM operation: Cleanup done
Event: 4025.069 Executing VM operation: HandshakeAllThreads (Deoptimize)
Event: 4025.069 Executing VM operation: HandshakeAllThreads (Deoptimize) done
Event: 4025.655 Executing VM operation: HandshakeAllThreads (Deoptimize)
Event: 4025.656 Executing VM operation: HandshakeAllThreads (Deoptimize) done
Event: 4025.692 Executing VM operation: HandshakeAllThreads (Deoptimize)
Event: 4025.692 Executing VM operation: HandshakeAllThreads (Deoptimize) done
Event: 4025.694 Executing VM operation: HandshakeAllThreads (Deoptimize)
Event: 4025.694 Executing VM operation: HandshakeAllThreads (Deoptimize) done
Event: 4025.830 Executing VM operation: HandshakeAllThreads (Deoptimize)
Event: 4025.830 Executing VM operation: HandshakeAllThreads (Deoptimize) done
Event: 4025.890 Executing VM operation: HandshakeAllThreads (Deoptimize)
Event: 4025.890 Executing VM operation: HandshakeAllThreads (Deoptimize) done
Event: 4025.976 Executing VM operation: ParallelGCFailedAllocation (Allocation Failure)
Event: 4025.986 Executing VM operation: ParallelGCFailedAllocation (Allocation Failure) done
Event: 4026.137 Executing VM operation: HandshakeAllThreads (Deoptimize)
Event: 4026.137 Executing VM operation: HandshakeAllThreads (Deoptimize) done

Memory protections (0 events):
No events

Nmethod flushes (20 events):
Event: 294.735 Thread 0x00000217fbf7c020 flushing  nmethod 0x0000021784013c10
Event: 294.735 Thread 0x00000217fbf7c020 flushing  nmethod 0x0000021784015c10
Event: 294.735 Thread 0x00000217fbf7c020 flushing  nmethod 0x000002178403e390
Event: 294.735 Thread 0x00000217fbf7c020 flushing  nmethod 0x000002178408aa10
Event: 294.735 Thread 0x00000217fbf7c020 flushing  nmethod 0x0000021784149590
Event: 294.735 Thread 0x00000217fbf7c020 flushing  nmethod 0x000002178414ef10
Event: 294.735 Thread 0x00000217fbf7c020 flushing  nmethod 0x0000021784159190
Event: 294.735 Thread 0x00000217fbf7c020 flushing  nmethod 0x000002178416a990
Event: 294.735 Thread 0x00000217fbf7c020 flushing  nmethod 0x0000021784179c90
Event: 294.735 Thread 0x00000217fbf7c020 flushing  nmethod 0x000002178417d510
Event: 294.735 Thread 0x00000217fbf7c020 flushing  nmethod 0x000002178418d090
Event: 294.735 Thread 0x00000217fbf7c020 flushing  nmethod 0x0000021784197890
Event: 294.735 Thread 0x00000217fbf7c020 flushing  nmethod 0x0000021784197c10
Event: 294.735 Thread 0x00000217fbf7c020 flushing  nmethod 0x000002178419fa10
Event: 294.735 Thread 0x00000217fbf7c020 flushing  nmethod 0x00000217841a0910
Event: 294.735 Thread 0x00000217fbf7c020 flushing  nmethod 0x00000217841a3010
Event: 294.735 Thread 0x00000217fbf7c020 flushing  nmethod 0x00000217841ca010
Event: 294.736 Thread 0x00000217fbf7c020 flushing osr nmethod 0x00000217841cc590
Event: 294.736 Thread 0x00000217fbf7c020 flushing  nmethod 0x00000217841f6610
Event: 294.736 Thread 0x00000217fbf7c020 flushing  nmethod 0x000002178421bc10

Events (20 events):
Event: 3156.805 Thread 0x00000217dd7718b0 Thread added: 0x00000217dd76dda0
Event: 3156.949 Thread 0x00000217dcfa1920 Thread added: 0x00000217dd76bcd0
Event: 3159.014 Thread 0x00000217dd7718b0 Thread added: 0x00000217dd76a920
Event: 3272.766 Thread 0x00000217dd76dda0 Thread exited: 0x00000217dd76dda0
Event: 3272.766 Thread 0x00000217dd128880 Thread exited: 0x00000217dd128880
Event: 3272.864 Thread 0x00000217dd76b640 Thread exited: 0x00000217dd76b640
Event: 3327.552 Thread 0x00000217dd76bcd0 Thread exited: 0x00000217dd76bcd0
Event: 3387.549 Thread 0x00000217dd76a290 Thread exited: 0x00000217dd76a290
Event: 3447.530 Thread 0x00000217dd76fe70 Thread exited: 0x00000217dd76fe70
Event: 3951.208 Thread 0x00000217dcfa1920 Thread added: 0x00000217dd76a290
Event: 3955.538 Thread 0x00000217dcfa1920 Thread added: 0x00000217dd76b640
Event: 3955.653 Thread 0x00000217dcfa1920 Thread added: 0x00000217dd76bcd0
Event: 3955.655 Thread 0x00000217dcfa1920 Thread added: 0x00000217dd76dda0
Event: 3988.563 Thread 0x00000217dd76a920 Thread added: 0x00000217dd76fe70
Event: 4023.300 Thread 0x00000217dd76a290 Thread added: 0x00000217dc4df9c0
Event: 4024.509 Thread 0x00000217dc4df9c0 Thread added: 0x00000217dc4e0050
Event: 4024.562 Thread 0x00000217dc4df9c0 Thread added: 0x00000217dc4e27b0
Event: 4026.010 Thread 0x00000217dc4e27b0 Thread exited: 0x00000217dc4e27b0
Event: 4026.010 Thread 0x00000217dc4e0050 Thread exited: 0x00000217dc4e0050
Event: 4026.010 Thread 0x00000217dc4df9c0 Thread exited: 0x00000217dc4df9c0


Dynamic libraries:
0x00007ff72fb60000 - 0x00007ff72fb6e000 	c:\Users\vdars\.vscode\extensions\redhat.java-1.47.0-win32-x64\jre\21.0.8-win32-x86_64\bin\java.exe
0x00007ffc35a10000 - 0x00007ffc35c08000 	C:\WINDOWS\SYSTEM32\ntdll.dll
0x00007ffc34dc0000 - 0x00007ffc34e82000 	C:\WINDOWS\System32\KERNEL32.DLL
0x00007ffc33680000 - 0x00007ffc33976000 	C:\WINDOWS\System32\KERNELBASE.dll
0x00007ffc33310000 - 0x00007ffc33410000 	C:\WINDOWS\System32\ucrtbase.dll
0x00007ffc14100000 - 0x00007ffc1411e000 	c:\Users\vdars\.vscode\extensions\redhat.java-1.47.0-win32-x64\jre\21.0.8-win32-x86_64\bin\VCRUNTIME140.dll
0x00007ffc14320000 - 0x00007ffc14338000 	c:\Users\vdars\.vscode\extensions\redhat.java-1.47.0-win32-x64\jre\21.0.8-win32-x86_64\bin\jli.dll
0x00007ffc33b60000 - 0x00007ffc33d01000 	C:\WINDOWS\System32\USER32.dll
0x00007ffc335d0000 - 0x00007ffc335f2000 	C:\WINDOWS\System32\win32u.dll
0x00007ffc34ca0000 - 0x00007ffc34ccb000 	C:\WINDOWS\System32\GDI32.dll
0x00007ffc33410000 - 0x00007ffc33529000 	C:\WINDOWS\System32\gdi32full.dll
0x00007ffc33530000 - 0x00007ffc335cd000 	C:\WINDOWS\System32\msvcp_win.dll
0x00007ffc15fd0000 - 0x00007ffc1626b000 	C:\WINDOWS\WinSxS\amd64_microsoft.windows.common-controls_6595b64144ccf1df_6.0.19041.6456_none_60b8a6cb71f64256\COMCTL32.dll
0x00007ffc34530000 - 0x00007ffc345ce000 	C:\WINDOWS\System32\msvcrt.dll
0x00007ffc33dc0000 - 0x00007ffc33def000 	C:\WINDOWS\System32\IMM32.DLL
0x00007ffc1f0d0000 - 0x00007ffc1f0dc000 	c:\Users\vdars\.vscode\extensions\redhat.java-1.47.0-win32-x64\jre\21.0.8-win32-x86_64\bin\vcruntime140_1.dll
0x00007ffbda080000 - 0x00007ffbda10d000 	c:\Users\vdars\.vscode\extensions\redhat.java-1.47.0-win32-x64\jre\21.0.8-win32-x86_64\bin\msvcp140.dll
0x00007ffbd87e0000 - 0x00007ffbd9577000 	c:\Users\vdars\.vscode\extensions\redhat.java-1.47.0-win32-x64\jre\21.0.8-win32-x86_64\bin\server\jvm.dll
0x00007ffc33ec0000 - 0x00007ffc33f71000 	C:\WINDOWS\System32\ADVAPI32.dll
0x00007ffc35930000 - 0x00007ffc359cf000 	C:\WINDOWS\System32\sechost.dll
0x00007ffc34f50000 - 0x00007ffc35070000 	C:\WINDOWS\System32\RPCRT4.dll
0x00007ffc33180000 - 0x00007ffc331a7000 	C:\WINDOWS\System32\bcrypt.dll
0x00007ffc347c0000 - 0x00007ffc3482b000 	C:\WINDOWS\System32\WS2_32.dll
0x00007ffc32f00000 - 0x00007ffc32f4b000 	C:\WINDOWS\SYSTEM32\POWRPROF.dll
0x00007ffc142f0000 - 0x00007ffc14317000 	C:\WINDOWS\SYSTEM32\WINMM.dll
0x00007ffc1eda0000 - 0x00007ffc1edaa000 	C:\WINDOWS\SYSTEM32\VERSION.dll
0x00007ffc32ee0000 - 0x00007ffc32ef2000 	C:\WINDOWS\SYSTEM32\UMPDC.dll
0x00007ffc31870000 - 0x00007ffc31882000 	C:\WINDOWS\SYSTEM32\kernel.appcore.dll
0x00007ffc15fa0000 - 0x00007ffc15faa000 	c:\Users\vdars\.vscode\extensions\redhat.java-1.47.0-win32-x64\jre\21.0.8-win32-x86_64\bin\jimage.dll
0x00007ffc28f10000 - 0x00007ffc29111000 	C:\WINDOWS\SYSTEM32\DBGHELP.DLL
0x00007ffc0c360000 - 0x00007ffc0c394000 	C:\WINDOWS\SYSTEM32\dbgcore.DLL
0x00007ffc330f0000 - 0x00007ffc33172000 	C:\WINDOWS\System32\bcryptPrimitives.dll
0x00007ffc0bc30000 - 0x00007ffc0bc3f000 	c:\Users\vdars\.vscode\extensions\redhat.java-1.47.0-win32-x64\jre\21.0.8-win32-x86_64\bin\instrument.dll
0x00007ffc031e0000 - 0x00007ffc031ff000 	c:\Users\vdars\.vscode\extensions\redhat.java-1.47.0-win32-x64\jre\21.0.8-win32-x86_64\bin\java.dll
0x00007ffc35070000 - 0x00007ffc357e0000 	C:\WINDOWS\System32\SHELL32.dll
0x00007ffc31000000 - 0x00007ffc317a5000 	C:\WINDOWS\SYSTEM32\windows.storage.dll
0x00007ffc33f80000 - 0x00007ffc342d4000 	C:\WINDOWS\System32\combase.dll
0x00007ffc32910000 - 0x00007ffc3293b000 	C:\WINDOWS\SYSTEM32\Wldp.dll
0x00007ffc33df0000 - 0x00007ffc33ebd000 	C:\WINDOWS\System32\OLEAUT32.dll
0x00007ffc33d10000 - 0x00007ffc33dbd000 	C:\WINDOWS\System32\SHCORE.dll
0x00007ffc345d0000 - 0x00007ffc3462b000 	C:\WINDOWS\System32\shlwapi.dll
0x00007ffc32fd0000 - 0x00007ffc32ff4000 	C:\WINDOWS\SYSTEM32\profapi.dll
0x00007ffbec790000 - 0x00007ffbec7a8000 	c:\Users\vdars\.vscode\extensions\redhat.java-1.47.0-win32-x64\jre\21.0.8-win32-x86_64\bin\zip.dll
0x00007ffc04cf0000 - 0x00007ffc04d00000 	C:\Users\vdars\.vscode\extensions\redhat.java-1.47.0-win32-x64\jre\21.0.8-win32-x86_64\bin\net.dll
0x00007ffc25210000 - 0x00007ffc2531a000 	C:\WINDOWS\SYSTEM32\WINHTTP.dll
0x00007ffc326f0000 - 0x00007ffc3275a000 	C:\WINDOWS\system32\mswsock.dll
0x00007ffbda060000 - 0x00007ffbda076000 	C:\Users\vdars\.vscode\extensions\redhat.java-1.47.0-win32-x64\jre\21.0.8-win32-x86_64\bin\nio.dll
0x00007ffbfff10000 - 0x00007ffbfff20000 	c:\Users\vdars\.vscode\extensions\redhat.java-1.47.0-win32-x64\jre\21.0.8-win32-x86_64\bin\verify.dll
0x00007ffc05420000 - 0x00007ffc05464000 	C:\Users\vdars\AppData\Roaming\Code\User\globalStorage\redhat.java\1.47.0\config_win\org.eclipse.equinox.launcher\org.eclipse.equinox.launcher.win32.win32.x86_64_1.2.1400.v20250801-0854\eclipse_11916.dll
0x00007ffc33a30000 - 0x00007ffc33b5b000 	C:\WINDOWS\System32\ole32.dll
0x00007ffc32950000 - 0x00007ffc32968000 	C:\WINDOWS\SYSTEM32\CRYPTSP.dll
0x00007ffc32030000 - 0x00007ffc32068000 	C:\WINDOWS\system32\rsaenh.dll
0x00007ffc32f90000 - 0x00007ffc32fbe000 	C:\WINDOWS\SYSTEM32\USERENV.dll
0x00007ffc32880000 - 0x00007ffc3288c000 	C:\WINDOWS\SYSTEM32\CRYPTBASE.dll
0x00007ffc323f0000 - 0x00007ffc3242b000 	C:\WINDOWS\SYSTEM32\IPHLPAPI.DLL
0x00007ffc34f40000 - 0x00007ffc34f48000 	C:\WINDOWS\System32\NSI.dll
0x00007ffbe79d0000 - 0x00007ffbe7a19000 	C:\Users\vdars\AppData\Local\Temp\jna-112051444\jna14188981461088771644.dll
0x00007ffc34cd0000 - 0x00007ffc34cd8000 	C:\WINDOWS\System32\PSAPI.DLL
0x00007ffc27910000 - 0x00007ffc27927000 	C:\WINDOWS\SYSTEM32\dhcpcsvc6.DLL
0x00007ffc278e0000 - 0x00007ffc278fd000 	C:\WINDOWS\SYSTEM32\dhcpcsvc.DLL
0x00007ffc087e0000 - 0x00007ffc087e9000 	C:\Users\vdars\.vscode\extensions\redhat.java-1.47.0-win32-x64\jre\21.0.8-win32-x86_64\bin\extnet.dll
0x00007ffc10130000 - 0x00007ffc1013e000 	C:\Users\vdars\.vscode\extensions\redhat.java-1.47.0-win32-x64\jre\21.0.8-win32-x86_64\bin\sunmscapi.dll
0x00007ffc331b0000 - 0x00007ffc3330d000 	C:\WINDOWS\System32\CRYPT32.dll
0x00007ffc32a60000 - 0x00007ffc32a87000 	C:\WINDOWS\SYSTEM32\ncrypt.dll
0x00007ffc32a20000 - 0x00007ffc32a5b000 	C:\WINDOWS\SYSTEM32\NTASN1.dll
0x00007ffc32430000 - 0x00007ffc324fa000 	C:\WINDOWS\SYSTEM32\DNSAPI.dll
0x00007ffc27900000 - 0x00007ffc2790a000 	C:\Windows\System32\rasadhlp.dll
0x00007ffc24670000 - 0x00007ffc246f0000 	C:\WINDOWS\System32\fwpuclnt.dll
0x00007ffc10120000 - 0x00007ffc10127000 	C:\WINDOWS\system32\wshunix.dll

JVMTI agents:
c:\Users\vdars\.vscode\extensions\redhat.java-1.47.0-win32-x64\lombok\lombok-1.18.39-4050.jar path:c:\Users\vdars\.vscode\extensions\redhat.java-1.47.0-win32-x64\jre\21.0.8-win32-x86_64\bin\instrument.dll, loaded, initialized, instrumentlib options:none

dbghelp: loaded successfully - version: 4.0.5 - missing functions: none
symbol engine: initialized successfully - sym options: 0x614 - pdb path: .;c:\Users\vdars\.vscode\extensions\redhat.java-1.47.0-win32-x64\jre\21.0.8-win32-x86_64\bin;C:\WINDOWS\SYSTEM32;C:\WINDOWS\WinSxS\amd64_microsoft.windows.common-controls_6595b64144ccf1df_6.0.19041.6456_none_60b8a6cb71f64256;c:\Users\vdars\.vscode\extensions\redhat.java-1.47.0-win32-x64\jre\21.0.8-win32-x86_64\bin\server;C:\Users\vdars\AppData\Roaming\Code\User\globalStorage\redhat.java\1.47.0\config_win\org.eclipse.equinox.launcher\org.eclipse.equinox.launcher.win32.win32.x86_64_1.2.1400.v20250801-0854;C:\Users\vdars\AppData\Local\Temp\jna-112051444

VM Arguments:
jvm_args: --add-modules=ALL-SYSTEM --add-opens=java.base/java.util=ALL-UNNAMED --add-opens=java.base/java.lang=ALL-UNNAMED --add-opens=java.base/sun.nio.fs=ALL-UNNAMED -Declipse.application=org.eclipse.jdt.ls.core.id1 -Dosgi.bundles.defaultStartLevel=4 -Declipse.product=org.eclipse.jdt.ls.core.product -Djava.import.generatesMetadataFilesAtProjectRoot=false -DDetectVMInstallationsJob.disabled=true -Dfile.encoding=utf8 -XX:+UseParallelGC -XX:GCTimeRatio=4 -XX:AdaptiveSizePolicyWeight=90 -Dsun.zip.disableMemoryMapping=true -Xmx2G -Xms100m -Xlog:disable -javaagent:c:\Users\vdars\.vscode\extensions\redhat.java-1.47.0-win32-x64\lombok\lombok-1.18.39-4050.jar -XX:+HeapDumpOnOutOfMemoryError -XX:HeapDumpPath=c:\Users\vdars\AppData\Roaming\Code\User\workspaceStorage\035d6fbb2bf1c321d0f0f191607646d5\redhat.java -Daether.dependencyCollector.impl=bf 
java_command: c:\Users\vdars\.vscode\extensions\redhat.java-1.47.0-win32-x64\server\plugins\org.eclipse.equinox.launcher_1.7.100.v20251014-1222.jar -configuration c:\Users\vdars\AppData\Roaming\Code\User\globalStorage\redhat.java\1.47.0\config_win -data c:\Users\vdars\AppData\Roaming\Code\User\workspaceStorage\035d6fbb2bf1c321d0f0f191607646d5\redhat.java\jdt_ws --pipe=\\.\pipe\lsp-256efb719158d3a3ea5a1e459f71c94c-sock
java_class_path (initial): c:\Users\vdars\.vscode\extensions\redhat.java-1.47.0-win32-x64\server\plugins\org.eclipse.equinox.launcher_1.7.100.v20251014-1222.jar
Launcher Type: SUN_STANDARD

[Global flags]
    uintx AdaptiveSizePolicyWeight                 = 90                                        {product} {command line}
     intx CICompilerCount                          = 3                                         {product} {ergonomic}
    uintx GCTimeRatio                              = 4                                         {product} {command line}
     bool HeapDumpOnOutOfMemoryError               = true                                   {manageable} {command line}
    ccstr HeapDumpPath                             = c:\Users\vdars\AppData\Roaming\Code\User\workspaceStorage\035d6fbb2bf1c321d0f0f191607646d5\redhat.java         {manageable} {command line}
   size_t InitialHeapSize                          = 104857600                                 {product} {command line}
   size_t MaxHeapSize                              = 2147483648                                {product} {command line}
   size_t MaxNewSize                               = 715653120                                 {product} {ergonomic}
   size_t MinHeapDeltaBytes                        = 524288                                    {product} {ergonomic}
   size_t MinHeapSize                              = 104857600                                 {product} {command line}
   size_t NewSize                                  = 34603008                                  {product} {ergonomic}
    uintx NonNMethodCodeHeapSize                   = 5832780                                {pd product} {ergonomic}
    uintx NonProfiledCodeHeapSize                  = 122912730                              {pd product} {ergonomic}
   size_t OldSize                                  = 70254592                                  {product} {ergonomic}
    uintx ProfiledCodeHeapSize                     = 122912730                              {pd product} {ergonomic}
    uintx ReservedCodeCacheSize                    = 251658240                              {pd product} {ergonomic}
     bool SegmentedCodeCache                       = true                                      {product} {ergonomic}
   size_t SoftMaxHeapSize                          = 2147483648                             {manageable} {ergonomic}
     bool UseCompressedOops                        = true                           {product lp64_product} {ergonomic}
     bool UseLargePagesIndividualAllocation        = false                                  {pd product} {ergonomic}
     bool UseParallelGC                            = true                                      {product} {command line}

Logging:
Log output configuration:
 #0: stdout all=off uptime,level,tags foldmultilines=false
 #1: stderr all=off uptime,level,tags foldmultilines=false

Environment Variables:
JAVA_HOME=C:\Program Files\Java\jdk-25
PATH=C:\Program Files\Java\jdk-25\bin;C:\Program Files\Common Files\Oracle\Java\javapath;C:\WINDOWS\system32;C:\WINDOWS;C:\WINDOWS\System32\Wbem;C:\WINDOWS\System32\WindowsPowerShell\v1.0\;C:\WINDOWS\System32\OpenSSH\;C:\Program Files\Git\cmd;C:\ProgramData\chocolatey\bin;C:\Program Files (x86)\HP\Common\HPDestPlgIn\;c:\Users\vdars\AppData\Local\Programs\cursor\resources\app\bin;C:\Program Files\dotnet\;C:\Program Files\MySQL\MySQL Server 8.0\bin;C:\Program Files\nodejs\;C:\Program Files\MySQL\MySQL Shell 8.0\bin\;C:\Users\vdars\AppData\Local\Microsoft\WindowsApps;C:\Users\vdars\AppData\Local\Programs\Microsoft VS Code\bin;C:\Users\vdars\AppData\Local\GitHubDesktop\bin;C:\ProgramData\vdars\GitHubDesktop\bin;C:\Users\vdars\AppData\Local\Microsoft\WinGet\Packages\Schniz.fnm_Microsoft.Winget.Source_8wekyb3d8bbwe;C:\Program Files\JetBrains\PyCharm 2024.2.4\bin;;C:\Program Files (x86)\HP\Common\HPDestPlgIn\;C:\Users\vdars\.dotnet\tools;C:\Users\vdars\AppData\Local\Packages\PythonSoftwareFoundation.Python.3.12_qbz5n2kfra8p0\LocalCache\local-packages\Python312\Scripts;C:\Program Files\Java\jdk-25\bin\;E:\IntelliJ IDEA 2025.2.3\bin;C:\Users\vdars\AppData\Roaming\npm;C:\Program Files\nodejs;
USERNAME=vdars
OS=Windows_NT
PROCESSOR_IDENTIFIER=Intel64 Family 6 Model 126 Stepping 5, GenuineIntel
TMP=C:\Users\vdars\AppData\Local\Temp
TEMP=C:\Users\vdars\AppData\Local\Temp




Periodic native trim disabled

---------------  S Y S T E M  ---------------

OS:
 Windows 10 , 64 bit Build 19041 (10.0.19041.5915)
OS uptime: 0 days 6:54 hours
Hyper-V role detected

CPU: total 4 (initial active 4) (2 cores per cpu, 2 threads per core) family 6 model 126 stepping 5 microcode 0xa6, cx8, cmov, fxsr, ht, mmx, 3dnowpref, sse, sse2, sse3, ssse3, sse4.1, sse4.2, popcnt, lzcnt, tsc, tscinvbit, avx, avx2, aes, erms, clmul, bmi1, bmi2, adx, avx512f, avx512dq, avx512cd, avx512bw, avx512vl, sha, fma, vzeroupper, avx512_vpopcntdq, avx512_vpclmulqdq, avx512_vaes, avx512_vnni, clflush, clflushopt, avx512_vbmi2, avx512_vbmi, hv, rdtscp, rdpid, fsrm, gfni, avx512_bitalg, f16c, avx512_ifma
Processor Information for the first 4 processors :
  Max Mhz: 1190, Current Mhz: 1190, Mhz Limit: 1190

Memory: 4k page, system-wide physical 3877M (129M free)
TotalPageFile size 15653M (AvailPageFile size 11M)
current process WorkingSet (physical memory assigned to process): 191M, peak: 314M
current process commit charge ("private bytes"): 584M, peak: 587M

vm_info: OpenJDK 64-Bit Server VM (21.0.8+9-LTS) for windows-amd64 JRE (21.0.8+9-LTS), built on 2025-07-15T00:00:00Z by "admin" with MS VC++ 17.7 (VS2022)

END.
